{"numFailedTestSuites":0,"numFailedTests":0,"numPassedTestSuites":39,"numPassedTests":57,"numPendingTestSuites":0,"numPendingTests":0,"numRuntimeErrorTestSuites":0,"numTodoTests":0,"numTotalTestSuites":39,"numTotalTests":57,"openHandles":[],"snapshot":{"added":0,"didUpdate":false,"failure":false,"filesAdded":0,"filesRemoved":0,"filesRemovedList":[],"filesUnmatched":0,"filesUpdated":0,"matched":0,"total":0,"unchecked":0,"uncheckedKeysByFile":[],"unmatched":0,"updated":0},"startTime":1585752480895,"success":true,"testResults":[{"assertionResults":[{"ancestorTitles":[],"failureMessages":[],"fullName":"renders without crashing","location":null,"status":"passed","title":"renders without crashing"},{"ancestorTitles":["Head"],"failureMessages":[],"fullName":"Head renders without crashing","location":null,"status":"passed","title":"renders without crashing"},{"ancestorTitles":["Body"],"failureMessages":[],"fullName":"Body renders without crashing","location":null,"status":"passed","title":"renders without crashing"},{"ancestorTitles":["Foot"],"failureMessages":[],"fullName":"Foot renders without crashing","location":null,"status":"passed","title":"renders without crashing"},{"ancestorTitles":["Row"],"failureMessages":[],"fullName":"Row renders without crashing","location":null,"status":"passed","title":"renders without crashing"},{"ancestorTitles":["Cell"],"failureMessages":[],"fullName":"Cell renders without crashing","location":null,"status":"passed","title":"renders without crashing"}],"endTime":1585752484996,"message":"","name":"/Users/tasso/Projetos/Rocket.Chat.Fuselage/packages/fuselage/src/components/Table/spec.js","startTime":1585752481572,"status":"passed","summary":""},{"assertionResults":[{"ancestorTitles":[],"failureMessages":[],"fullName":"renders without crashing","location":null,"status":"passed","title":"renders without crashing"},{"ancestorTitles":["Label"],"failureMessages":[],"fullName":"Label renders without crashing","location":null,"status":"passed","title":"renders without crashing"},{"ancestorTitles":["Description"],"failureMessages":[],"fullName":"Description renders without crashing","location":null,"status":"passed","title":"renders without crashing"},{"ancestorTitles":["Row"],"failureMessages":[],"fullName":"Row renders without crashing","location":null,"status":"passed","title":"renders without crashing"},{"ancestorTitles":["Error"],"failureMessages":[],"fullName":"Error renders without crashing","location":null,"status":"passed","title":"renders without crashing"},{"ancestorTitles":["Hint"],"failureMessages":[],"fullName":"Hint renders without crashing","location":null,"status":"passed","title":"renders without crashing"}],"endTime":1585752485123,"message":"","name":"/Users/tasso/Projetos/Rocket.Chat.Fuselage/packages/fuselage/src/components/Field/spec.js","startTime":1585752485013,"status":"passed","summary":""},{"assertionResults":[{"ancestorTitles":[],"failureMessages":[],"fullName":"renders without crashing","location":null,"status":"passed","title":"renders without crashing"},{"ancestorTitles":["Accordion.Item"],"failureMessages":[],"fullName":"Accordion.Item renders without crashing","location":null,"status":"passed","title":"renders without crashing"}],"endTime":1585752485218,"message":"","name":"/Users/tasso/Projetos/Rocket.Chat.Fuselage/packages/fuselage/src/components/Accordion/spec.js","startTime":1585752485131,"status":"passed","summary":""},{"assertionResults":[{"ancestorTitles":["Flex.Container"],"failureMessages":[],"fullName":"Flex.Container renders without crashing","location":null,"status":"passed","title":"renders without crashing"},{"ancestorTitles":["Flex.Item"],"failureMessages":[],"fullName":"Flex.Item renders without crashing","location":null,"status":"passed","title":"renders without crashing"}],"endTime":1585752485356,"message":"","name":"/Users/tasso/Projetos/Rocket.Chat.Fuselage/packages/fuselage/src/components/Box/Flex/spec.js","startTime":1585752485272,"status":"passed","summary":""},{"assertionResults":[{"ancestorTitles":[],"failureMessages":[],"fullName":"renders without crashing","location":null,"status":"passed","title":"renders without crashing"},{"ancestorTitles":["Skeleton"],"failureMessages":[],"fullName":"Skeleton renders without crashing","location":null,"status":"passed","title":"renders without crashing"}],"endTime":1585752485451,"message":"","name":"/Users/tasso/Projetos/Rocket.Chat.Fuselage/packages/fuselage/src/components/Paragraph/spec.js","startTime":1585752485363,"status":"passed","summary":""},{"assertionResults":[{"ancestorTitles":[],"failureMessages":[],"fullName":"renders without crashing","location":null,"status":"passed","title":"renders without crashing"},{"ancestorTitles":["Skeleton"],"failureMessages":[],"fullName":"Skeleton renders without crashing","location":null,"status":"passed","title":"renders without crashing"}],"endTime":1585752485542,"message":"","name":"/Users/tasso/Projetos/Rocket.Chat.Fuselage/packages/fuselage/src/components/InputBox/spec.js","startTime":1585752485457,"status":"passed","summary":""},{"assertionResults":[{"ancestorTitles":[],"failureMessages":[],"fullName":"renders without crashing","location":null,"status":"passed","title":"renders without crashing"},{"ancestorTitles":["Skeleton"],"failureMessages":[],"fullName":"Skeleton renders without crashing","location":null,"status":"passed","title":"renders without crashing"}],"endTime":1585752485626,"message":"","name":"/Users/tasso/Projetos/Rocket.Chat.Fuselage/packages/fuselage/src/components/Subtitle/spec.js","startTime":1585752485548,"status":"passed","summary":""},{"assertionResults":[{"ancestorTitles":[],"failureMessages":[],"fullName":"renders without crashing","location":null,"status":"passed","title":"renders without crashing"},{"ancestorTitles":["Skeleton"],"failureMessages":[],"fullName":"Skeleton renders without crashing","location":null,"status":"passed","title":"renders without crashing"}],"endTime":1585752485703,"message":"","name":"/Users/tasso/Projetos/Rocket.Chat.Fuselage/packages/fuselage/src/components/Headline/spec.js","startTime":1585752485632,"status":"passed","summary":""},{"assertionResults":[{"ancestorTitles":[],"failureMessages":[],"fullName":"renders without crashing","location":null,"status":"passed","title":"renders without crashing"},{"ancestorTitles":["Level.Item"],"failureMessages":[],"fullName":"Level.Item renders without crashing","location":null,"status":"passed","title":"renders without crashing"}],"endTime":1585752485781,"message":"","name":"/Users/tasso/Projetos/Rocket.Chat.Fuselage/packages/fuselage/src/components/Level/spec.js","startTime":1585752485709,"status":"passed","summary":""},{"assertionResults":[{"ancestorTitles":[],"failureMessages":[],"fullName":"renders without crashing","location":null,"status":"passed","title":"renders without crashing"},{"ancestorTitles":["Grid.Item"],"failureMessages":[],"fullName":"Grid.Item renders without crashing","location":null,"status":"passed","title":"renders without crashing"}],"endTime":1585752485859,"message":"","name":"/Users/tasso/Projetos/Rocket.Chat.Fuselage/packages/fuselage/src/components/Grid/spec.js","startTime":1585752485787,"status":"passed","summary":""},{"assertionResults":[{"ancestorTitles":[],"failureMessages":[],"fullName":"renders without crashing","location":null,"status":"passed","title":"renders without crashing"}],"endTime":1585752485953,"message":"","name":"/Users/tasso/Projetos/Rocket.Chat.Fuselage/packages/fuselage/src/components/Pagination/spec.js","startTime":1585752485866,"status":"passed","summary":""},{"assertionResults":[{"ancestorTitles":[],"failureMessages":[],"fullName":"renders without crashing","location":null,"status":"passed","title":"renders without crashing"}],"endTime":1585752486030,"message":"","name":"/Users/tasso/Projetos/Rocket.Chat.Fuselage/packages/fuselage/src/components/TelephoneInput/spec.js","startTime":1585752485962,"status":"passed","summary":""},{"assertionResults":[{"ancestorTitles":[],"failureMessages":[],"fullName":"renders without crashing","location":null,"status":"passed","title":"renders without crashing"}],"endTime":1585752486105,"message":"","name":"/Users/tasso/Projetos/Rocket.Chat.Fuselage/packages/fuselage/src/components/PasswordInput/spec.js","startTime":1585752486036,"status":"passed","summary":""},{"assertionResults":[{"ancestorTitles":[],"failureMessages":[],"fullName":"renders without crashing","location":null,"status":"passed","title":"renders without crashing"}],"endTime":1585752486178,"message":"","name":"/Users/tasso/Projetos/Rocket.Chat.Fuselage/packages/fuselage/src/components/UrlInput/spec.js","startTime":1585752486111,"status":"passed","summary":""},{"assertionResults":[{"ancestorTitles":[],"failureMessages":[],"fullName":"renders without crashing","location":null,"status":"passed","title":"renders without crashing"}],"endTime":1585752486250,"message":"","name":"/Users/tasso/Projetos/Rocket.Chat.Fuselage/packages/fuselage/src/components/TextAreaInput/spec.js","startTime":1585752486184,"status":"passed","summary":""},{"assertionResults":[{"ancestorTitles":[],"failureMessages":[],"fullName":"renders without crashing","location":null,"status":"passed","title":"renders without crashing"}],"endTime":1585752486324,"message":"","name":"/Users/tasso/Projetos/Rocket.Chat.Fuselage/packages/fuselage/src/components/ToggleSwitch/spec.js","startTime":1585752486256,"status":"passed","summary":""},{"assertionResults":[{"ancestorTitles":[],"failureMessages":[],"fullName":"renders without crashing","location":null,"status":"passed","title":"renders without crashing"}],"endTime":1585752486400,"message":"","name":"/Users/tasso/Projetos/Rocket.Chat.Fuselage/packages/fuselage/src/components/Box/Scrollable/spec.js","startTime":1585752486330,"status":"passed","summary":""},{"assertionResults":[{"ancestorTitles":[],"failureMessages":[],"fullName":"renders without crashing","location":null,"status":"passed","title":"renders without crashing"}],"endTime":1585752486478,"message":"","name":"/Users/tasso/Projetos/Rocket.Chat.Fuselage/packages/fuselage/src/components/SearchInput/spec.js","startTime":1585752486406,"status":"passed","summary":""},{"assertionResults":[{"ancestorTitles":[],"failureMessages":[],"fullName":"renders without crashing","location":null,"status":"passed","title":"renders without crashing"}],"endTime":1585752486557,"message":"","name":"/Users/tasso/Projetos/Rocket.Chat.Fuselage/packages/fuselage/src/components/SelectInput/spec.js","startTime":1585752486484,"status":"passed","summary":""},{"assertionResults":[{"ancestorTitles":[],"failureMessages":[],"fullName":"renders without crashing","location":null,"status":"passed","title":"renders without crashing"}],"endTime":1585752486636,"message":"","name":"/Users/tasso/Projetos/Rocket.Chat.Fuselage/packages/fuselage/src/components/AutoComplete/spec.js","startTime":1585752486563,"status":"passed","summary":""},{"assertionResults":[{"ancestorTitles":[],"failureMessages":[],"fullName":"renders without crashing","location":null,"status":"passed","title":"renders without crashing"}],"endTime":1585752486710,"message":"","name":"/Users/tasso/Projetos/Rocket.Chat.Fuselage/packages/fuselage/src/components/RadioButton/spec.js","startTime":1585752486643,"status":"passed","summary":""},{"assertionResults":[{"ancestorTitles":[],"failureMessages":[],"fullName":"renders without crashing","location":null,"status":"passed","title":"renders without crashing"}],"endTime":1585752486781,"message":"","name":"/Users/tasso/Projetos/Rocket.Chat.Fuselage/packages/fuselage/src/components/ButtonGroup/spec.js","startTime":1585752486715,"status":"passed","summary":""},{"assertionResults":[{"ancestorTitles":[],"failureMessages":[],"fullName":"renders without crashing","location":null,"status":"passed","title":"renders without crashing"}],"endTime":1585752486851,"message":"","name":"/Users/tasso/Projetos/Rocket.Chat.Fuselage/packages/fuselage/src/components/Icon/spec.js","startTime":1585752486787,"status":"passed","summary":""},{"assertionResults":[{"ancestorTitles":[],"failureMessages":[],"fullName":"renders without crashing","location":null,"status":"passed","title":"renders without crashing"}],"endTime":1585752486925,"message":"","name":"/Users/tasso/Projetos/Rocket.Chat.Fuselage/packages/fuselage/src/components/FieldGroup/spec.js","startTime":1585752486857,"status":"passed","summary":""},{"assertionResults":[{"ancestorTitles":[],"failureMessages":[],"fullName":"renders without crashing","location":null,"status":"passed","title":"renders without crashing"}],"endTime":1585752486997,"message":"","name":"/Users/tasso/Projetos/Rocket.Chat.Fuselage/packages/fuselage/src/components/EmailInput/spec.js","startTime":1585752486931,"status":"passed","summary":""},{"assertionResults":[{"ancestorTitles":[],"failureMessages":[],"fullName":"renders without crashing","location":null,"status":"passed","title":"renders without crashing"}],"endTime":1585752487069,"message":"","name":"/Users/tasso/Projetos/Rocket.Chat.Fuselage/packages/fuselage/src/components/Avatar/spec.js","startTime":1585752487003,"status":"passed","summary":""},{"assertionResults":[{"ancestorTitles":[],"failureMessages":[],"fullName":"renders without crashing","location":null,"status":"passed","title":"renders without crashing"}],"endTime":1585752487142,"message":"","name":"/Users/tasso/Projetos/Rocket.Chat.Fuselage/packages/fuselage/src/components/TextInput/spec.js","startTime":1585752487075,"status":"passed","summary":""},{"assertionResults":[{"ancestorTitles":[],"failureMessages":[],"fullName":"renders without crashing","location":null,"status":"passed","title":"renders without crashing"}],"endTime":1585752487212,"message":"","name":"/Users/tasso/Projetos/Rocket.Chat.Fuselage/packages/fuselage/src/components/Box/Margins/spec.js","startTime":1585752487148,"status":"passed","summary":""},{"assertionResults":[{"ancestorTitles":[],"failureMessages":[],"fullName":"renders without crashing","location":null,"status":"passed","title":"renders without crashing"}],"endTime":1585752487284,"message":"","name":"/Users/tasso/Projetos/Rocket.Chat.Fuselage/packages/fuselage/src/components/CheckBox/spec.js","startTime":1585752487217,"status":"passed","summary":""},{"assertionResults":[{"ancestorTitles":[],"failureMessages":[],"fullName":"renders without crashing","location":null,"status":"passed","title":"renders without crashing"}],"endTime":1585752487358,"message":"","name":"/Users/tasso/Projetos/Rocket.Chat.Fuselage/packages/fuselage/src/components/Skeleton/spec.js","startTime":1585752487290,"status":"passed","summary":""},{"assertionResults":[{"ancestorTitles":[],"failureMessages":[],"fullName":"renders without crashing","location":null,"status":"passed","title":"renders without crashing"}],"endTime":1585752487435,"message":"","name":"/Users/tasso/Projetos/Rocket.Chat.Fuselage/packages/fuselage/src/components/Callout/spec.js","startTime":1585752487364,"status":"passed","summary":""},{"assertionResults":[{"ancestorTitles":[],"failureMessages":[],"fullName":"renders without crashing","location":null,"status":"passed","title":"renders without crashing"}],"endTime":1585752487536,"message":"","name":"/Users/tasso/Projetos/Rocket.Chat.Fuselage/packages/fuselage/src/components/Chevron/spec.js","startTime":1585752487443,"status":"passed","summary":""},{"assertionResults":[{"ancestorTitles":[],"failureMessages":[],"fullName":"renders without crashing","location":null,"status":"passed","title":"renders without crashing"}],"endTime":1585752487614,"message":"","name":"/Users/tasso/Projetos/Rocket.Chat.Fuselage/packages/fuselage/src/components/Divider/spec.js","startTime":1585752487542,"status":"passed","summary":""},{"assertionResults":[{"ancestorTitles":[],"failureMessages":[],"fullName":"renders without crashing","location":null,"status":"passed","title":"renders without crashing"}],"endTime":1585752487684,"message":"","name":"/Users/tasso/Projetos/Rocket.Chat.Fuselage/packages/fuselage/src/components/Button/spec.js","startTime":1585752487619,"status":"passed","summary":""},{"assertionResults":[{"ancestorTitles":[],"failureMessages":[],"fullName":"renders without crashing","location":null,"status":"passed","title":"renders without crashing"}],"endTime":1585752487754,"message":"","name":"/Users/tasso/Projetos/Rocket.Chat.Fuselage/packages/fuselage/src/components/Box/Size/spec.js","startTime":1585752487690,"status":"passed","summary":""},{"assertionResults":[{"ancestorTitles":[],"failureMessages":[],"fullName":"renders without crashing","location":null,"status":"passed","title":"renders without crashing"}],"endTime":1585752487824,"message":"","name":"/Users/tasso/Projetos/Rocket.Chat.Fuselage/packages/fuselage/src/components/Label/spec.js","startTime":1585752487760,"status":"passed","summary":""},{"assertionResults":[{"ancestorTitles":[],"failureMessages":[],"fullName":"renders without crashing","location":null,"status":"passed","title":"renders without crashing"}],"endTime":1585752487897,"message":"","name":"/Users/tasso/Projetos/Rocket.Chat.Fuselage/packages/fuselage/src/components/Tile/spec.js","startTime":1585752487829,"status":"passed","summary":""},{"assertionResults":[{"ancestorTitles":[],"failureMessages":[],"fullName":"renders without crashing","location":null,"status":"passed","title":"renders without crashing"}],"endTime":1585752487969,"message":"","name":"/Users/tasso/Projetos/Rocket.Chat.Fuselage/packages/fuselage/src/components/Tabs/spec.js","startTime":1585752487902,"status":"passed","summary":""},{"assertionResults":[{"ancestorTitles":[],"failureMessages":[],"fullName":"renders without crashing","location":null,"status":"passed","title":"renders without crashing"}],"endTime":1585752488041,"message":"","name":"/Users/tasso/Projetos/Rocket.Chat.Fuselage/packages/fuselage/src/components/Box/spec.js","startTime":1585752487975,"status":"passed","summary":""}],"wasInterrupted":false}