{"numFailedTestSuites":0,"numFailedTests":0,"numPassedTestSuites":39,"numPassedTests":57,"numPendingTestSuites":0,"numPendingTests":0,"numRuntimeErrorTestSuites":0,"numTodoTests":0,"numTotalTestSuites":39,"numTotalTests":57,"openHandles":[],"snapshot":{"added":0,"didUpdate":false,"failure":false,"filesAdded":0,"filesRemoved":0,"filesRemovedList":[],"filesUnmatched":0,"filesUpdated":0,"matched":0,"total":0,"unchecked":0,"uncheckedKeysByFile":[],"unmatched":0,"updated":0},"startTime":1585752508882,"success":true,"testResults":[{"assertionResults":[{"ancestorTitles":[],"failureMessages":[],"fullName":"renders without crashing","location":null,"status":"passed","title":"renders without crashing"},{"ancestorTitles":["Head"],"failureMessages":[],"fullName":"Head renders without crashing","location":null,"status":"passed","title":"renders without crashing"},{"ancestorTitles":["Body"],"failureMessages":[],"fullName":"Body renders without crashing","location":null,"status":"passed","title":"renders without crashing"},{"ancestorTitles":["Foot"],"failureMessages":[],"fullName":"Foot renders without crashing","location":null,"status":"passed","title":"renders without crashing"},{"ancestorTitles":["Row"],"failureMessages":[],"fullName":"Row renders without crashing","location":null,"status":"passed","title":"renders without crashing"},{"ancestorTitles":["Cell"],"failureMessages":[],"fullName":"Cell renders without crashing","location":null,"status":"passed","title":"renders without crashing"}],"endTime":1585752510300,"message":"","name":"/Users/tasso/Projetos/Rocket.Chat.Fuselage/packages/fuselage/src/components/Table/spec.js","startTime":1585752509300,"status":"passed","summary":""},{"assertionResults":[{"ancestorTitles":[],"failureMessages":[],"fullName":"renders without crashing","location":null,"status":"passed","title":"renders without crashing"},{"ancestorTitles":["Label"],"failureMessages":[],"fullName":"Label renders without crashing","location":null,"status":"passed","title":"renders without crashing"},{"ancestorTitles":["Description"],"failureMessages":[],"fullName":"Description renders without crashing","location":null,"status":"passed","title":"renders without crashing"},{"ancestorTitles":["Row"],"failureMessages":[],"fullName":"Row renders without crashing","location":null,"status":"passed","title":"renders without crashing"},{"ancestorTitles":["Error"],"failureMessages":[],"fullName":"Error renders without crashing","location":null,"status":"passed","title":"renders without crashing"},{"ancestorTitles":["Hint"],"failureMessages":[],"fullName":"Hint renders without crashing","location":null,"status":"passed","title":"renders without crashing"}],"endTime":1585752510399,"message":"","name":"/Users/tasso/Projetos/Rocket.Chat.Fuselage/packages/fuselage/src/components/Field/spec.js","startTime":1585752510314,"status":"passed","summary":""},{"assertionResults":[{"ancestorTitles":[],"failureMessages":[],"fullName":"renders without crashing","location":null,"status":"passed","title":"renders without crashing"}],"endTime":1585752510477,"message":"","name":"/Users/tasso/Projetos/Rocket.Chat.Fuselage/packages/fuselage/src/components/Chevron/spec.js","startTime":1585752510406,"status":"passed","summary":""},{"assertionResults":[{"ancestorTitles":[],"failureMessages":[],"fullName":"renders without crashing","location":null,"status":"passed","title":"renders without crashing"},{"ancestorTitles":["Skeleton"],"failureMessages":[],"fullName":"Skeleton renders without crashing","location":null,"status":"passed","title":"renders without crashing"}],"endTime":1585752510561,"message":"","name":"/Users/tasso/Projetos/Rocket.Chat.Fuselage/packages/fuselage/src/components/Paragraph/spec.js","startTime":1585752510483,"status":"passed","summary":""},{"assertionResults":[{"ancestorTitles":[],"failureMessages":[],"fullName":"renders without crashing","location":null,"status":"passed","title":"renders without crashing"},{"ancestorTitles":["Accordion.Item"],"failureMessages":[],"fullName":"Accordion.Item renders without crashing","location":null,"status":"passed","title":"renders without crashing"}],"endTime":1585752510643,"message":"","name":"/Users/tasso/Projetos/Rocket.Chat.Fuselage/packages/fuselage/src/components/Accordion/spec.js","startTime":1585752510567,"status":"passed","summary":""},{"assertionResults":[{"ancestorTitles":[],"failureMessages":[],"fullName":"renders without crashing","location":null,"status":"passed","title":"renders without crashing"}],"endTime":1585752510735,"message":"","name":"/Users/tasso/Projetos/Rocket.Chat.Fuselage/packages/fuselage/src/components/Pagination/spec.js","startTime":1585752510650,"status":"passed","summary":""},{"assertionResults":[{"ancestorTitles":[],"failureMessages":[],"fullName":"renders without crashing","location":null,"status":"passed","title":"renders without crashing"},{"ancestorTitles":["Skeleton"],"failureMessages":[],"fullName":"Skeleton renders without crashing","location":null,"status":"passed","title":"renders without crashing"}],"endTime":1585752510811,"message":"","name":"/Users/tasso/Projetos/Rocket.Chat.Fuselage/packages/fuselage/src/components/InputBox/spec.js","startTime":1585752510741,"status":"passed","summary":""},{"assertionResults":[{"ancestorTitles":["Flex.Container"],"failureMessages":[],"fullName":"Flex.Container renders without crashing","location":null,"status":"passed","title":"renders without crashing"},{"ancestorTitles":["Flex.Item"],"failureMessages":[],"fullName":"Flex.Item renders without crashing","location":null,"status":"passed","title":"renders without crashing"}],"endTime":1585752510883,"message":"","name":"/Users/tasso/Projetos/Rocket.Chat.Fuselage/packages/fuselage/src/components/Box/Flex/spec.js","startTime":1585752510817,"status":"passed","summary":""},{"assertionResults":[{"ancestorTitles":[],"failureMessages":[],"fullName":"renders without crashing","location":null,"status":"passed","title":"renders without crashing"},{"ancestorTitles":["Skeleton"],"failureMessages":[],"fullName":"Skeleton renders without crashing","location":null,"status":"passed","title":"renders without crashing"}],"endTime":1585752510954,"message":"","name":"/Users/tasso/Projetos/Rocket.Chat.Fuselage/packages/fuselage/src/components/Subtitle/spec.js","startTime":1585752510889,"status":"passed","summary":""},{"assertionResults":[{"ancestorTitles":[],"failureMessages":[],"fullName":"renders without crashing","location":null,"status":"passed","title":"renders without crashing"}],"endTime":1585752511030,"message":"","name":"/Users/tasso/Projetos/Rocket.Chat.Fuselage/packages/fuselage/src/components/SelectInput/spec.js","startTime":1585752510960,"status":"passed","summary":""},{"assertionResults":[{"ancestorTitles":[],"failureMessages":[],"fullName":"renders without crashing","location":null,"status":"passed","title":"renders without crashing"}],"endTime":1585752511128,"message":"","name":"/Users/tasso/Projetos/Rocket.Chat.Fuselage/packages/fuselage/src/components/AutoComplete/spec.js","startTime":1585752511038,"status":"passed","summary":""},{"assertionResults":[{"ancestorTitles":[],"failureMessages":[],"fullName":"renders without crashing","location":null,"status":"passed","title":"renders without crashing"},{"ancestorTitles":["Grid.Item"],"failureMessages":[],"fullName":"Grid.Item renders without crashing","location":null,"status":"passed","title":"renders without crashing"}],"endTime":1585752511201,"message":"","name":"/Users/tasso/Projetos/Rocket.Chat.Fuselage/packages/fuselage/src/components/Grid/spec.js","startTime":1585752511134,"status":"passed","summary":""},{"assertionResults":[{"ancestorTitles":[],"failureMessages":[],"fullName":"renders without crashing","location":null,"status":"passed","title":"renders without crashing"},{"ancestorTitles":["Level.Item"],"failureMessages":[],"fullName":"Level.Item renders without crashing","location":null,"status":"passed","title":"renders without crashing"}],"endTime":1585752511277,"message":"","name":"/Users/tasso/Projetos/Rocket.Chat.Fuselage/packages/fuselage/src/components/Level/spec.js","startTime":1585752511207,"status":"passed","summary":""},{"assertionResults":[{"ancestorTitles":[],"failureMessages":[],"fullName":"renders without crashing","location":null,"status":"passed","title":"renders without crashing"}],"endTime":1585752511344,"message":"","name":"/Users/tasso/Projetos/Rocket.Chat.Fuselage/packages/fuselage/src/components/Divider/spec.js","startTime":1585752511283,"status":"passed","summary":""},{"assertionResults":[{"ancestorTitles":[],"failureMessages":[],"fullName":"renders without crashing","location":null,"status":"passed","title":"renders without crashing"}],"endTime":1585752511413,"message":"","name":"/Users/tasso/Projetos/Rocket.Chat.Fuselage/packages/fuselage/src/components/SearchInput/spec.js","startTime":1585752511353,"status":"passed","summary":""},{"assertionResults":[{"ancestorTitles":[],"failureMessages":[],"fullName":"renders without crashing","location":null,"status":"passed","title":"renders without crashing"}],"endTime":1585752511487,"message":"","name":"/Users/tasso/Projetos/Rocket.Chat.Fuselage/packages/fuselage/src/components/Callout/spec.js","startTime":1585752511422,"status":"passed","summary":""},{"assertionResults":[{"ancestorTitles":[],"failureMessages":[],"fullName":"renders without crashing","location":null,"status":"passed","title":"renders without crashing"},{"ancestorTitles":["Skeleton"],"failureMessages":[],"fullName":"Skeleton renders without crashing","location":null,"status":"passed","title":"renders without crashing"}],"endTime":1585752511558,"message":"","name":"/Users/tasso/Projetos/Rocket.Chat.Fuselage/packages/fuselage/src/components/Headline/spec.js","startTime":1585752511493,"status":"passed","summary":""},{"assertionResults":[{"ancestorTitles":[],"failureMessages":[],"fullName":"renders without crashing","location":null,"status":"passed","title":"renders without crashing"}],"endTime":1585752511625,"message":"","name":"/Users/tasso/Projetos/Rocket.Chat.Fuselage/packages/fuselage/src/components/Box/Scrollable/spec.js","startTime":1585752511564,"status":"passed","summary":""},{"assertionResults":[{"ancestorTitles":[],"failureMessages":[],"fullName":"renders without crashing","location":null,"status":"passed","title":"renders without crashing"}],"endTime":1585752511690,"message":"","name":"/Users/tasso/Projetos/Rocket.Chat.Fuselage/packages/fuselage/src/components/PasswordInput/spec.js","startTime":1585752511631,"status":"passed","summary":""},{"assertionResults":[{"ancestorTitles":[],"failureMessages":[],"fullName":"renders without crashing","location":null,"status":"passed","title":"renders without crashing"}],"endTime":1585752511756,"message":"","name":"/Users/tasso/Projetos/Rocket.Chat.Fuselage/packages/fuselage/src/components/FieldGroup/spec.js","startTime":1585752511695,"status":"passed","summary":""},{"assertionResults":[{"ancestorTitles":[],"failureMessages":[],"fullName":"renders without crashing","location":null,"status":"passed","title":"renders without crashing"}],"endTime":1585752511850,"message":"","name":"/Users/tasso/Projetos/Rocket.Chat.Fuselage/packages/fuselage/src/components/Tile/spec.js","startTime":1585752511764,"status":"passed","summary":""},{"assertionResults":[{"ancestorTitles":[],"failureMessages":[],"fullName":"renders without crashing","location":null,"status":"passed","title":"renders without crashing"}],"endTime":1585752511915,"message":"","name":"/Users/tasso/Projetos/Rocket.Chat.Fuselage/packages/fuselage/src/components/Skeleton/spec.js","startTime":1585752511856,"status":"passed","summary":""},{"assertionResults":[{"ancestorTitles":[],"failureMessages":[],"fullName":"renders without crashing","location":null,"status":"passed","title":"renders without crashing"}],"endTime":1585752511986,"message":"","name":"/Users/tasso/Projetos/Rocket.Chat.Fuselage/packages/fuselage/src/components/ToggleSwitch/spec.js","startTime":1585752511921,"status":"passed","summary":""},{"assertionResults":[{"ancestorTitles":[],"failureMessages":[],"fullName":"renders without crashing","location":null,"status":"passed","title":"renders without crashing"}],"endTime":1585752512056,"message":"","name":"/Users/tasso/Projetos/Rocket.Chat.Fuselage/packages/fuselage/src/components/TelephoneInput/spec.js","startTime":1585752511995,"status":"passed","summary":""},{"assertionResults":[{"ancestorTitles":[],"failureMessages":[],"fullName":"renders without crashing","location":null,"status":"passed","title":"renders without crashing"}],"endTime":1585752512124,"message":"","name":"/Users/tasso/Projetos/Rocket.Chat.Fuselage/packages/fuselage/src/components/CheckBox/spec.js","startTime":1585752512062,"status":"passed","summary":""},{"assertionResults":[{"ancestorTitles":[],"failureMessages":[],"fullName":"renders without crashing","location":null,"status":"passed","title":"renders without crashing"}],"endTime":1585752512191,"message":"","name":"/Users/tasso/Projetos/Rocket.Chat.Fuselage/packages/fuselage/src/components/TextInput/spec.js","startTime":1585752512129,"status":"passed","summary":""},{"assertionResults":[{"ancestorTitles":[],"failureMessages":[],"fullName":"renders without crashing","location":null,"status":"passed","title":"renders without crashing"}],"endTime":1585752512257,"message":"","name":"/Users/tasso/Projetos/Rocket.Chat.Fuselage/packages/fuselage/src/components/UrlInput/spec.js","startTime":1585752512197,"status":"passed","summary":""},{"assertionResults":[{"ancestorTitles":[],"failureMessages":[],"fullName":"renders without crashing","location":null,"status":"passed","title":"renders without crashing"}],"endTime":1585752512322,"message":"","name":"/Users/tasso/Projetos/Rocket.Chat.Fuselage/packages/fuselage/src/components/RadioButton/spec.js","startTime":1585752512263,"status":"passed","summary":""},{"assertionResults":[{"ancestorTitles":[],"failureMessages":[],"fullName":"renders without crashing","location":null,"status":"passed","title":"renders without crashing"}],"endTime":1585752512387,"message":"","name":"/Users/tasso/Projetos/Rocket.Chat.Fuselage/packages/fuselage/src/components/Tabs/spec.js","startTime":1585752512327,"status":"passed","summary":""},{"assertionResults":[{"ancestorTitles":[],"failureMessages":[],"fullName":"renders without crashing","location":null,"status":"passed","title":"renders without crashing"}],"endTime":1585752512452,"message":"","name":"/Users/tasso/Projetos/Rocket.Chat.Fuselage/packages/fuselage/src/components/Avatar/spec.js","startTime":1585752512392,"status":"passed","summary":""},{"assertionResults":[{"ancestorTitles":[],"failureMessages":[],"fullName":"renders without crashing","location":null,"status":"passed","title":"renders without crashing"}],"endTime":1585752512517,"message":"","name":"/Users/tasso/Projetos/Rocket.Chat.Fuselage/packages/fuselage/src/components/EmailInput/spec.js","startTime":1585752512457,"status":"passed","summary":""},{"assertionResults":[{"ancestorTitles":[],"failureMessages":[],"fullName":"renders without crashing","location":null,"status":"passed","title":"renders without crashing"}],"endTime":1585752512582,"message":"","name":"/Users/tasso/Projetos/Rocket.Chat.Fuselage/packages/fuselage/src/components/ButtonGroup/spec.js","startTime":1585752512523,"status":"passed","summary":""},{"assertionResults":[{"ancestorTitles":[],"failureMessages":[],"fullName":"renders without crashing","location":null,"status":"passed","title":"renders without crashing"}],"endTime":1585752512645,"message":"","name":"/Users/tasso/Projetos/Rocket.Chat.Fuselage/packages/fuselage/src/components/Box/spec.js","startTime":1585752512587,"status":"passed","summary":""},{"assertionResults":[{"ancestorTitles":[],"failureMessages":[],"fullName":"renders without crashing","location":null,"status":"passed","title":"renders without crashing"}],"endTime":1585752512709,"message":"","name":"/Users/tasso/Projetos/Rocket.Chat.Fuselage/packages/fuselage/src/components/TextAreaInput/spec.js","startTime":1585752512651,"status":"passed","summary":""},{"assertionResults":[{"ancestorTitles":[],"failureMessages":[],"fullName":"renders without crashing","location":null,"status":"passed","title":"renders without crashing"}],"endTime":1585752512773,"message":"","name":"/Users/tasso/Projetos/Rocket.Chat.Fuselage/packages/fuselage/src/components/Button/spec.js","startTime":1585752512714,"status":"passed","summary":""},{"assertionResults":[{"ancestorTitles":[],"failureMessages":[],"fullName":"renders without crashing","location":null,"status":"passed","title":"renders without crashing"}],"endTime":1585752512836,"message":"","name":"/Users/tasso/Projetos/Rocket.Chat.Fuselage/packages/fuselage/src/components/Icon/spec.js","startTime":1585752512778,"status":"passed","summary":""},{"assertionResults":[{"ancestorTitles":[],"failureMessages":[],"fullName":"renders without crashing","location":null,"status":"passed","title":"renders without crashing"}],"endTime":1585752512899,"message":"","name":"/Users/tasso/Projetos/Rocket.Chat.Fuselage/packages/fuselage/src/components/Label/spec.js","startTime":1585752512841,"status":"passed","summary":""},{"assertionResults":[{"ancestorTitles":[],"failureMessages":[],"fullName":"renders without crashing","location":null,"status":"passed","title":"renders without crashing"}],"endTime":1585752512963,"message":"","name":"/Users/tasso/Projetos/Rocket.Chat.Fuselage/packages/fuselage/src/components/Box/Size/spec.js","startTime":1585752512905,"status":"passed","summary":""},{"assertionResults":[{"ancestorTitles":[],"failureMessages":[],"fullName":"renders without crashing","location":null,"status":"passed","title":"renders without crashing"}],"endTime":1585752513029,"message":"","name":"/Users/tasso/Projetos/Rocket.Chat.Fuselage/packages/fuselage/src/components/Box/Margins/spec.js","startTime":1585752512969,"status":"passed","summary":""}],"wasInterrupted":false}